<?xml version="1.0" encoding="UTF-8"?>
<!-- Generated by org.testng.reporters.JUnitReportReporter -->
<testsuite hostname="LAPTOP-8OJ6GVAC" failures="0" tests="2" name="Academy.HomePage" time="4.654" errors="0" timestamp="2025-01-09T16:15:13 IST" skipped="0">
  <testcase classname="Academy.HomePage" name="basePageNavigation" time="3.752"/>
  <system-out/>
  <testcase classname="Academy.HomePage" name="basePageNavigation" time="0.902"/>
  <system-out/>
</testsuite> <!-- Academy.HomePage -->
