<?xml version="1.0" encoding="UTF-8"?>
<!-- Generated by org.testng.reporters.JUnitReportReporter -->
<testsuite hostname="LAPTOP-8OJ6GVAC" failures="0" tests="2" name="Academy.HomePage" time="3.043" errors="0" timestamp="9 Jan 2025 17:03:23 GMT">
  <testcase classname="Academy.HomePage" name="basePageNavigation" time="2.466"/>
  <testcase classname="Academy.HomePage" name="basePageNavigation" time="0.577"/>
</testsuite> <!-- Academy.HomePage -->
